#
# There is insufficient memory for the Java Runtime Environment to continue.
# Native memory allocation (malloc) failed to allocate 114816 bytes for Chunk::new
# Possible reasons:
#   The system is out of physical RAM or swap space
#   The process is running with CompressedOops enabled, and the Java Heap may be blocking the growth of the native heap
# Possible solutions:
#   Reduce memory load on the system
#   Increase physical memory or swap space
#   Check if swap backing store is full
#   Decrease Java heap size (-Xmx/-Xms)
#   Decrease number of Java threads
#   Decrease Java thread stack sizes (-Xss)
#   Set larger code cache with -XX:ReservedCodeCacheSize=
#   JVM is running with Unscaled Compressed Oops mode in which the Java heap is
#     placed in the first 4GB address space. The Java Heap base address is the
#     maximum limit for the native heap growth. Please use -XX:HeapBaseMinAddress
#     to set the Java Heap base and to place the Java Heap above 4GB virtual address.
# This output file may be truncated or incomplete.
#
#  Out of Memory Error (./open/src/hotspot/share/memory/arena.cpp:195), pid=8992, tid=12096
#
# JRE version: Java(TM) SE Runtime Environment (14.0.2+12) (build 14.0.2+12-46)
# Java VM: Java HotSpot(TM) 64-Bit Server VM (14.0.2+12-46, mixed mode, sharing, tiered, compressed oops, g1 gc, windows-amd64)
# No core dump will be written. Minidumps are not enabled by default on client versions of Windows
#

---------------  S U M M A R Y ------------

Command Line: -Dmaven.multiModuleProjectDirectory=E:\skillbox\java_basics\10_SQLAndHibernate\jdbc-exp -Dmaven.home=C:\Program Files\JetBrains\IntelliJ IDEA Community Edition 2020.2\plugins\maven\lib\maven3 -Dclassworlds.conf=C:\Program Files\JetBrains\IntelliJ IDEA Community Edition 2020.2\plugins\maven\lib\maven3\bin\m2.conf -Dmaven.ext.class.path=C:\Program Files\JetBrains\IntelliJ IDEA Community Edition 2020.2\plugins\maven\lib\maven-event-listener.jar -javaagent:C:\Program Files\JetBrains\IntelliJ IDEA Community Edition 2020.2\lib\idea_rt.jar=3992:C:\Program Files\JetBrains\IntelliJ IDEA Community Edition 2020.2\bin -Dfile.encoding=UTF-8 org.codehaus.classworlds.Launcher -Didea.version=2020.2 --offline --errors site

Host: Intel(R) Core(TM) i5-7200U CPU @ 2.50GHz, 4 cores, 3G,  Windows 10 , 64 bit Build 17763 (10.0.17763.475)
Time: Mon Jan 25 08:19:49 2021 Oo?oey (ceia) elapsed time: 0 seconds (0d 0h 0m 0s)

---------------  T H R E A D  ---------------

Current thread (0x00000270f29fd000):  JavaThread "C2 CompilerThread0" daemon [_thread_in_native, id=12096, stack(0x000000d526900000,0x000000d526a00000)]


Current CompileTask:
C2:    388  326       4       java.util.HashMap::putVal (300 bytes)

Stack: [0x000000d526900000,0x000000d526a00000]
Native frames: (J=compiled Java code, j=interpreted, Vv=VM code, C=native code)
V  [jvm.dll+0x5f8a9a]
V  [gdi32full.dll+0x74247a]
V  [jvm.dll+0x743c2f]
V  [jvm.dll+0x744273]
V  [jvm.dll+0x20d288]
V  [jvm.dll+0xabb07]
V  [jvm.dll+0xac1fc]
V  [jvm.dll+0x276db4]
V  [jvm.dll+0x50cffa]
V  [jvm.dll+0x1ee036]
V  [jvm.dll+0x1e77c9]
V  [jvm.dll+0x1e4f98]
V  [jvm.dll+0x1779cc]
V  [jvm.dll+0x1f4105]
V  [jvm.dll+0x1f22eb]
V  [jvm.dll+0x7070cd]
V  [jvm.dll+0x6ffeda]
V  [jvm.dll+0x5f78f6]
C  [ucrtbase.dll+0x2268a]
C  [KERNEL32.DLL+0x17974]
C  [ntdll.dll+0x5a0b1]


---------------  P R O C E S S  ---------------

Threads class SMR info:
_java_thread_list=0x00000270f34afe10, length=12, elements={
0x00000270d4993800, 0x00000270f29d0800, 0x00000270f29d2800, 0x00000270f29ed000,
0x00000270f29f0000, 0x00000270f29f1000, 0x00000270f29fd000, 0x00000270f2a01000,
0x00000270f2a04800, 0x00000270f342c000, 0x00000270f3567800, 0x00000270f3568800
}

Java Threads: ( => current thread )
  0x00000270d4993800 JavaThread "main" [_thread_in_native, id=3244, stack(0x000000d525d00000,0x000000d525e00000)]
  0x00000270f29d0800 JavaThread "Reference Handler" daemon [_thread_blocked, id=11076, stack(0x000000d526400000,0x000000d526500000)]
  0x00000270f29d2800 JavaThread "Finalizer" daemon [_thread_blocked, id=6344, stack(0x000000d526500000,0x000000d526600000)]
  0x00000270f29ed000 JavaThread "Signal Dispatcher" daemon [_thread_blocked, id=9424, stack(0x000000d526600000,0x000000d526700000)]
  0x00000270f29f0000 JavaThread "Attach Listener" daemon [_thread_blocked, id=10864, stack(0x000000d526700000,0x000000d526800000)]
  0x00000270f29f1000 JavaThread "Service Thread" daemon [_thread_blocked, id=3008, stack(0x000000d526800000,0x000000d526900000)]
=>0x00000270f29fd000 JavaThread "C2 CompilerThread0" daemon [_thread_in_native, id=12096, stack(0x000000d526900000,0x000000d526a00000)]
  0x00000270f2a01000 JavaThread "C1 CompilerThread0" daemon [_thread_blocked, id=9092, stack(0x000000d526a00000,0x000000d526b00000)]
  0x00000270f2a04800 JavaThread "Sweeper thread" daemon [_thread_blocked, id=2996, stack(0x000000d526b00000,0x000000d526c00000)]
  0x00000270f342c000 JavaThread "Common-Cleaner" daemon [_thread_blocked, id=9160, stack(0x000000d526c00000,0x000000d526d00000)]
  0x00000270f3567800 JavaThread "Monitor Ctrl-Break" daemon [_thread_in_native, id=9932, stack(0x000000d526d00000,0x000000d526e00000)]
  0x00000270f3568800 JavaThread "Notification Thread" daemon [_thread_blocked, id=11244, stack(0x000000d526e00000,0x000000d526f00000)]

Other Threads:
  0x00000270d4a5e800 VMThread "VM Thread" [stack: 0x000000d526300000,0x000000d526400000] [id=5096]
  0x00000270f356b000 WatcherThread [stack: 0x000000d526f00000,0x000000d527000000] [id=9144]
  0x00000270d49c4800 GCTaskThread "GC Thread#0" [stack: 0x000000d525e00000,0x000000d525f00000] [id=212]
  0x00000270d49ce000 ConcurrentGCThread "G1 Main Marker" [stack: 0x000000d525f00000,0x000000d526000000] [id=11552]
  0x00000270d49d0000 ConcurrentGCThread "G1 Conc#0" [stack: 0x000000d526000000,0x000000d526100000] [id=11072]
  0x00000270d4a25000 ConcurrentGCThread "G1 Refine#0" [stack: 0x000000d526100000,0x000000d526200000] [id=2832]
  0x00000270d4a26000 ConcurrentGCThread "G1 Young RemSet Sampling" [stack: 0x000000d526200000,0x000000d526300000] [id=1812]

Threads with active compile tasks:
C2 CompilerThread0      653  326       4       java.util.HashMap::putVal (300 bytes)

VM state:not at safepoint (normal execution)

VM Mutex/Monitor currently owned by a thread: None

Heap address: 0x00000000c2000000, size: 992 MB, Compressed Oops mode: 32-bit
Narrow klass base: 0x0000000800000000, Narrow klass shift: 3
Compressed class space size: 1073741824 Address: 0x0000000800b30000

Heap:
 garbage-first heap   total 63488K, used 3072K [0x00000000c2000000, 0x0000000100000000)
  region size 1024K, 5 young (5120K), 0 survivors (0K)
 Metaspace       used 1559K, capacity 4955K, committed 5120K, reserved 1056768K
  class space    used 149K, capacity 485K, committed 512K, reserved 1048576K
Heap Regions: E=young(eden), S=young(survivor), O=old, HS=humongous(starts), HC=humongous(continues), CS=collection set, F=free, OA=open archive, CA=closed archive, TAMS=top-at-mark-start (previous, next)
|   0|0x00000000c2000000, 0x00000000c2000000, 0x00000000c2100000|  0%| F|  |TAMS 0x00000000c2000000, 0x00000000c2000000| Untracked 
|   1|0x00000000c2100000, 0x00000000c2100000, 0x00000000c2200000|  0%| F|  |TAMS 0x00000000c2100000, 0x00000000c2100000| Untracked 
|   2|0x00000000c2200000, 0x00000000c2200000, 0x00000000c2300000|  0%| F|  |TAMS 0x00000000c2200000, 0x00000000c2200000| Untracked 
|   3|0x00000000c2300000, 0x00000000c2300000, 0x00000000c2400000|  0%| F|  |TAMS 0x00000000c2300000, 0x00000000c2300000| Untracked 
|   4|0x00000000c2400000, 0x00000000c2400000, 0x00000000c2500000|  0%| F|  |TAMS 0x00000000c2400000, 0x00000000c2400000| Untracked 
|   5|0x00000000c2500000, 0x00000000c2500000, 0x00000000c2600000|  0%| F|  |TAMS 0x00000000c2500000, 0x00000000c2500000| Untracked 
|   6|0x00000000c2600000, 0x00000000c2600000, 0x00000000c2700000|  0%| F|  |TAMS 0x00000000c2600000, 0x00000000c2600000| Untracked 
|   7|0x00000000c2700000, 0x00000000c2700000, 0x00000000c2800000|  0%| F|  |TAMS 0x00000000c2700000, 0x00000000c2700000| Untracked 
|   8|0x00000000c2800000, 0x00000000c2800000, 0x00000000c2900000|  0%| F|  |TAMS 0x00000000c2800000, 0x00000000c2800000| Untracked 
|   9|0x00000000c2900000, 0x00000000c2900000, 0x00000000c2a00000|  0%| F|  |TAMS 0x00000000c2900000, 0x00000000c2900000| Untracked 
|  10|0x00000000c2a00000, 0x00000000c2a00000, 0x00000000c2b00000|  0%| F|  |TAMS 0x00000000c2a00000, 0x00000000c2a00000| Untracked 
|  11|0x00000000c2b00000, 0x00000000c2b00000, 0x00000000c2c00000|  0%| F|  |TAMS 0x00000000c2b00000, 0x00000000c2b00000| Untracked 
|  12|0x00000000c2c00000, 0x00000000c2c00000, 0x00000000c2d00000|  0%| F|  |TAMS 0x00000000c2c00000, 0x00000000c2c00000| Untracked 
|  13|0x00000000c2d00000, 0x00000000c2d00000, 0x00000000c2e00000|  0%| F|  |TAMS 0x00000000c2d00000, 0x00000000c2d00000| Untracked 
|  14|0x00000000c2e00000, 0x00000000c2e00000, 0x00000000c2f00000|  0%| F|  |TAMS 0x00000000c2e00000, 0x00000000c2e00000| Untracked 
|  15|0x00000000c2f00000, 0x00000000c2f00000, 0x00000000c3000000|  0%| F|  |TAMS 0x00000000c2f00000, 0x00000000c2f00000| Untracked 
|  16|0x00000000c3000000, 0x00000000c3000000, 0x00000000c3100000|  0%| F|  |TAMS 0x00000000c3000000, 0x00000000c3000000| Untracked 
|  17|0x00000000c3100000, 0x00000000c3100000, 0x00000000c3200000|  0%| F|  |TAMS 0x00000000c3100000, 0x00000000c3100000| Untracked 
|  18|0x00000000c3200000, 0x00000000c3200000, 0x00000000c3300000|  0%| F|  |TAMS 0x00000000c3200000, 0x00000000c3200000| Untracked 
|  19|0x00000000c3300000, 0x00000000c3300000, 0x00000000c3400000|  0%| F|  |TAMS 0x00000000c3300000, 0x00000000c3300000| Untracked 
|  20|0x00000000c3400000, 0x00000000c3400000, 0x00000000c3500000|  0%| F|  |TAMS 0x00000000c3400000, 0x00000000c3400000| Untracked 
|  21|0x00000000c3500000, 0x00000000c3500000, 0x00000000c3600000|  0%| F|  |TAMS 0x00000000c3500000, 0x00000000c3500000| Untracked 
|  22|0x00000000c3600000, 0x00000000c3600000, 0x00000000c3700000|  0%| F|  |TAMS 0x00000000c3600000, 0x00000000c3600000| Untracked 
|  23|0x00000000c3700000, 0x00000000c3700000, 0x00000000c3800000|  0%| F|  |TAMS 0x00000000c3700000, 0x00000000c3700000| Untracked 
|  24|0x00000000c3800000, 0x00000000c3800000, 0x00000000c3900000|  0%| F|  |TAMS 0x00000000c3800000, 0x00000000c3800000| Untracked 
|  25|0x00000000c3900000, 0x00000000c3900000, 0x00000000c3a00000|  0%| F|  |TAMS 0x00000000c3900000, 0x00000000c3900000| Untracked 
|  26|0x00000000c3a00000, 0x00000000c3a00000, 0x00000000c3b00000|  0%| F|  |TAMS 0x00000000c3a00000, 0x00000000c3a00000| Untracked 
|  27|0x00000000c3b00000, 0x00000000c3b00000, 0x00000000c3c00000|  0%| F|  |TAMS 0x00000000c3b00000, 0x00000000c3b00000| Untracked 
|  28|0x00000000c3c00000, 0x00000000c3c00000, 0x00000000c3d00000|  0%| F|  |TAMS 0x00000000c3c00000, 0x00000000c3c00000| Untracked 
|  29|0x00000000c3d00000, 0x00000000c3d00000, 0x00000000c3e00000|  0%| F|  |TAMS 0x00000000c3d00000, 0x00000000c3d00000| Untracked 
|  30|0x00000000c3e00000, 0x00000000c3e00000, 0x00000000c3f00000|  0%| F|  |TAMS 0x00000000c3e00000, 0x00000000c3e00000| Untracked 
|  31|0x00000000c3f00000, 0x00000000c3f00000, 0x00000000c4000000|  0%| F|  |TAMS 0x00000000c3f00000, 0x00000000c3f00000| Untracked 
|  32|0x00000000c4000000, 0x00000000c4000000, 0x00000000c4100000|  0%| F|  |TAMS 0x00000000c4000000, 0x00000000c4000000| Untracked 
|  33|0x00000000c4100000, 0x00000000c4100000, 0x00000000c4200000|  0%| F|  |TAMS 0x00000000c4100000, 0x00000000c4100000| Untracked 
|  34|0x00000000c4200000, 0x00000000c4200000, 0x00000000c4300000|  0%| F|  |TAMS 0x00000000c4200000, 0x00000000c4200000| Untracked 
|  35|0x00000000c4300000, 0x00000000c4300000, 0x00000000c4400000|  0%| F|  |TAMS 0x00000000c4300000, 0x00000000c4300000| Untracked 
|  36|0x00000000c4400000, 0x00000000c4400000, 0x00000000c4500000|  0%| F|  |TAMS 0x00000000c4400000, 0x00000000c4400000| Untracked 
|  37|0x00000000c4500000, 0x00000000c4500000, 0x00000000c4600000|  0%| F|  |TAMS 0x00000000c4500000, 0x00000000c4500000| Untracked 
|  38|0x00000000c4600000, 0x00000000c4600000, 0x00000000c4700000|  0%| F|  |TAMS 0x00000000c4600000, 0x00000000c4600000| Untracked 
|  39|0x00000000c4700000, 0x00000000c4700000, 0x00000000c4800000|  0%| F|  |TAMS 0x00000000c4700000, 0x00000000c4700000| Untracked 
|  40|0x00000000c4800000, 0x00000000c4800000, 0x00000000c4900000|  0%| F|  |TAMS 0x00000000c4800000, 0x00000000c4800000| Untracked 
|  41|0x00000000c4900000, 0x00000000c4900000, 0x00000000c4a00000|  0%| F|  |TAMS 0x00000000c4900000, 0x00000000c4900000| Untracked 
|  42|0x00000000c4a00000, 0x00000000c4a00000, 0x00000000c4b00000|  0%| F|  |TAMS 0x00000000c4a00000, 0x00000000c4a00000| Untracked 
|  43|0x00000000c4b00000, 0x00000000c4b00000, 0x00000000c4c00000|  0%| F|  |TAMS 0x00000000c4b00000, 0x00000000c4b00000| Untracked 
|  44|0x00000000c4c00000, 0x00000000c4c00000, 0x00000000c4d00000|  0%| F|  |TAMS 0x00000000c4c00000, 0x00000000c4c00000| Untracked 
|  45|0x00000000c4d00000, 0x00000000c4d00000, 0x00000000c4e00000|  0%| F|  |TAMS 0x00000000c4d00000, 0x00000000c4d00000| Untracked 
|  46|0x00000000c4e00000, 0x00000000c4e00000, 0x00000000c4f00000|  0%| F|  |TAMS 0x00000000c4e00000, 0x00000000c4e00000| Untracked 
|  47|0x00000000c4f00000, 0x00000000c4f00000, 0x00000000c5000000|  0%| F|  |TAMS 0x00000000c4f00000, 0x00000000c4f00000| Untracked 
|  48|0x00000000c5000000, 0x00000000c5000000, 0x00000000c5100000|  0%| F|  |TAMS 0x00000000c5000000, 0x00000000c5000000| Untracked 
|  49|0x00000000c5100000, 0x00000000c5100000, 0x00000000c5200000|  0%| F|  |TAMS 0x00000000c5100000, 0x00000000c5100000| Untracked 
|  50|0x00000000c5200000, 0x00000000c5200000, 0x00000000c5300000|  0%| F|  |TAMS 0x00000000c5200000, 0x00000000c5200000| Untracked 
|  51|0x00000000c5300000, 0x00000000c5300000, 0x00000000c5400000|  0%| F|  |TAMS 0x00000000c5300000, 0x00000000c5300000| Untracked 
|  52|0x00000000c5400000, 0x00000000c5400000, 0x00000000c5500000|  0%| F|  |TAMS 0x00000000c5400000, 0x00000000c5400000| Untracked 
|  53|0x00000000c5500000, 0x00000000c5500000, 0x00000000c5600000|  0%| F|  |TAMS 0x00000000c5500000, 0x00000000c5500000| Untracked 
|  54|0x00000000c5600000, 0x00000000c5600000, 0x00000000c5700000|  0%| F|  |TAMS 0x00000000c5600000, 0x00000000c5600000| Untracked 
|  55|0x00000000c5700000, 0x00000000c5700000, 0x00000000c5800000|  0%| F|  |TAMS 0x00000000c5700000, 0x00000000c5700000| Untracked 
|  56|0x00000000c5800000, 0x00000000c5800000, 0x00000000c5900000|  0%| F|  |TAMS 0x00000000c5800000, 0x00000000c5800000| Untracked 
|  57|0x00000000c5900000, 0x00000000c598a600, 0x00000000c5a00000| 54%| E|  |TAMS 0x00000000c5900000, 0x00000000c5900000| Complete 
|  58|0x00000000c5a00000, 0x00000000c5b00000, 0x00000000c5b00000|100%| E|CS|TAMS 0x00000000c5a00000, 0x00000000c5a00000| Complete 
|  59|0x00000000c5b00000, 0x00000000c5c00000, 0x00000000c5c00000|100%| E|  |TAMS 0x00000000c5b00000, 0x00000000c5b00000| Complete 
|  60|0x00000000c5c00000, 0x00000000c5d00000, 0x00000000c5d00000|100%| E|CS|TAMS 0x00000000c5c00000, 0x00000000c5c00000| Complete 
|  61|0x00000000c5d00000, 0x00000000c5e00000, 0x00000000c5e00000|100%| E|CS|TAMS 0x00000000c5d00000, 0x00000000c5d00000| Complete 

Card table byte_map: [0x00000270ee120000,0x00000270ee310000] _byte_map_base: 0x00000270edb10000

Marking Bits (Prev, Next): (CMBitMap*) 0x00000270d49c55e8, (CMBitMap*) 0x00000270d49c5628
 Prev Bits: [0x00000270ee500000, 0x00000270ef480000)
 Next Bits: [0x00000270ef480000, 0x00000270f0400000)

Polling page: 0x00000270d4a60000

Metaspace:

Usage:
  Non-class:      4.37 MB capacity,     1.38 MB ( 32%) used,     2.99 MB ( 68%) free+waste,     2.81 KB ( <1%) overhead. 
      Class:    485.00 KB capacity,   149.16 KB ( 31%) used,   333.84 KB ( 69%) free+waste,     2.00 KB ( <1%) overhead. 
       Both:      4.84 MB capacity,     1.52 MB ( 31%) used,     3.31 MB ( 68%) free+waste,     4.81 KB ( <1%) overhead. 

Virtual space:
  Non-class space:        8.00 MB reserved,       4.50 MB ( 56%) committed 
      Class space:        1.00 GB reserved,     512.00 KB ( <1%) committed 
             Both:        1.01 GB reserved,       5.00 MB ( <1%) committed 

Chunk freelists:
   Non-Class:  10.00 KB
       Class:  0 bytes
        Both:  10.00 KB

MaxMetaspaceSize: 17179869184.00 GB
CompressedClassSpaceSize: 1.00 GB

CodeHeap 'non-profiled nmethods': size=120000Kb used=117Kb max_used=117Kb free=119882Kb
 bounds [0x00000270e63d0000, 0x00000270e6640000, 0x00000270ed900000]
CodeHeap 'profiled nmethods': size=120000Kb used=550Kb max_used=550Kb free=119449Kb
 bounds [0x00000270deea0000, 0x00000270df110000, 0x00000270e63d0000]
CodeHeap 'non-nmethods': size=5760Kb used=1132Kb max_used=1145Kb free=4627Kb
 bounds [0x00000270de900000, 0x00000270deb70000, 0x00000270deea0000]
 total_blobs=780 nmethods=401 adapters=292
 compilation: enabled
              stopped_count=0, restarted_count=0
 full_count=0

Compilation events (20 events):
Event: 0.329 Thread 0x00000270f2a01000  318       3       java.util.ArrayList::get (15 bytes)
Event: 0.329 Thread 0x00000270f29fd000 nmethod 320 0x00000270e63e7d90 code [0x00000270e63e7f20, 0x00000270e63e7fd8]
Event: 0.329 Thread 0x00000270f2a01000 nmethod 318 0x00000270def01590 code [0x00000270def017a0, 0x00000270def01fa8]
Event: 0.330 Thread 0x00000270f29fd000  321       4       java.lang.Math::max (11 bytes)
Event: 0.331 Thread 0x00000270f2a01000  322       3       java.lang.CharacterDataLatin1::digit (32 bytes)
Event: 0.331 Thread 0x00000270f2a01000 nmethod 322 0x00000270def02290 code [0x00000270def02440, 0x00000270def02698]
Event: 0.331 Thread 0x00000270f29fd000 nmethod 321 0x00000270e63e8090 code [0x00000270e63e8200, 0x00000270e63e8258]
Event: 0.332 Thread 0x00000270f2a01000  323       1       sun.nio.fs.NativeBuffer::address (5 bytes)
Event: 0.332 Thread 0x00000270f2a01000 nmethod 323 0x00000270e63e8390 code [0x00000270e63e8520, 0x00000270e63e85f8]
Event: 0.332 Thread 0x00000270f29fd000  324       4       java.util.zip.ZipUtils::CENNAM (9 bytes)
Event: 0.332 Thread 0x00000270f2a01000  327       3       java.lang.String::endsWith (15 bytes)
Event: 0.333 Thread 0x00000270f2a01000 nmethod 327 0x00000270def02790 code [0x00000270def02960, 0x00000270def02ca8]
Event: 0.333 Thread 0x00000270f2a01000  328       3       java.nio.Buffer::flip (20 bytes)
Event: 0.333 Thread 0x00000270f2a01000 nmethod 328 0x00000270def02e90 code [0x00000270def03020, 0x00000270def03158]
Event: 0.333 Thread 0x00000270f29fd000 nmethod 324 0x00000270e63e8690 code [0x00000270e63e8840, 0x00000270e63e8938]
Event: 0.333 Thread 0x00000270f29fd000  326       4       java.util.HashMap::putVal (300 bytes)
Event: 0.334 Thread 0x00000270f2a01000  330       3       java.nio.Buffer::clear (20 bytes)
Event: 0.334 Thread 0x00000270f2a01000 nmethod 330 0x00000270def03210 code [0x00000270def033a0, 0x00000270def034d8]
Event: 0.334 Thread 0x00000270f2a01000  331       3       java.nio.charset.CoderResult::isError (14 bytes)
Event: 0.334 Thread 0x00000270f2a01000 nmethod 331 0x00000270def03590 code [0x00000270def03720, 0x00000270def03898]

GC Heap History (0 events):
No events

Deoptimization events (16 events):
Event: 0.191 Thread 0x00000270d4993800 Uncommon trap: trap_request=0xffffffde fr.pc=0x00000270e63ddc04 relative=0x0000000000000824
Event: 0.191 Thread 0x00000270d4993800 Uncommon trap: reason=class_check action=maybe_recompile pc=0x00000270e63ddc04 method=java.util.HashMap.putVal(ILjava/lang/Object;Ljava/lang/Object;ZZ)Ljava/lang/Object; @ 152 c2
Event: 0.191 Thread 0x00000270d4993800 DEOPT PACKING pc=0x00000270e63ddc04 sp=0x000000d525dfe610
Event: 0.191 Thread 0x00000270d4993800 DEOPT UNPACKING pc=0x00000270de94912f sp=0x000000d525dfe590 mode 2
Event: 0.197 Thread 0x00000270d4993800 Uncommon trap: trap_request=0xffffffde fr.pc=0x00000270e63ddc04 relative=0x0000000000000824
Event: 0.197 Thread 0x00000270d4993800 Uncommon trap: reason=class_check action=maybe_recompile pc=0x00000270e63ddc04 method=java.util.HashMap.putVal(ILjava/lang/Object;Ljava/lang/Object;ZZ)Ljava/lang/Object; @ 152 c2
Event: 0.197 Thread 0x00000270d4993800 DEOPT PACKING pc=0x00000270e63ddc04 sp=0x000000d525dfe050
Event: 0.197 Thread 0x00000270d4993800 DEOPT UNPACKING pc=0x00000270de94912f sp=0x000000d525dfdfd0 mode 2
Event: 0.197 Thread 0x00000270d4993800 Uncommon trap: trap_request=0xffffffde fr.pc=0x00000270e63ddc04 relative=0x0000000000000824
Event: 0.197 Thread 0x00000270d4993800 Uncommon trap: reason=class_check action=maybe_recompile pc=0x00000270e63ddc04 method=java.util.HashMap.putVal(ILjava/lang/Object;Ljava/lang/Object;ZZ)Ljava/lang/Object; @ 152 c2
Event: 0.197 Thread 0x00000270d4993800 DEOPT PACKING pc=0x00000270e63ddc04 sp=0x000000d525dfe050
Event: 0.197 Thread 0x00000270d4993800 DEOPT UNPACKING pc=0x00000270de94912f sp=0x000000d525dfdfd0 mode 2
Event: 0.198 Thread 0x00000270d4993800 Uncommon trap: trap_request=0xffffffde fr.pc=0x00000270e63ddc04 relative=0x0000000000000824
Event: 0.198 Thread 0x00000270d4993800 Uncommon trap: reason=class_check action=maybe_recompile pc=0x00000270e63ddc04 method=java.util.HashMap.putVal(ILjava/lang/Object;Ljava/lang/Object;ZZ)Ljava/lang/Object; @ 152 c2
Event: 0.198 Thread 0x00000270d4993800 DEOPT PACKING pc=0x00000270e63ddc04 sp=0x000000d525dfe050
Event: 0.198 Thread 0x00000270d4993800 DEOPT UNPACKING pc=0x00000270de94912f sp=0x000000d525dfdfd0 mode 2

Classes unloaded (0 events):
No events

Classes redefined (0 events):
No events

Internal exceptions (0 events):
No events

Events (20 events):
Event: 0.281 loading class java/net/URLClassLoader$1
Event: 0.281 loading class java/net/URLClassLoader$1 done
Event: 0.281 loading class jdk/internal/loader/URLClassPath$FileLoader
Event: 0.281 loading class jdk/internal/loader/URLClassPath$FileLoader done
Event: 0.306 loading class sun/net/www/protocol/file/FileURLConnection
Event: 0.306 loading class sun/net/www/URLConnection
Event: 0.306 loading class java/net/URLConnection
Event: 0.307 loading class java/net/URLConnection done
Event: 0.307 loading class sun/net/www/URLConnection done
Event: 0.307 loading class sun/net/www/protocol/file/FileURLConnection done
Event: 0.307 loading class sun/net/www/MessageHeader
Event: 0.307 loading class sun/net/www/MessageHeader done
Event: 0.307 loading class java/io/FilePermission$1
Event: 0.307 loading class jdk/internal/access/JavaIOFilePermissionAccess
Event: 0.307 loading class jdk/internal/access/JavaIOFilePermissionAccess done
Event: 0.307 loading class java/io/FilePermission$1 done
Event: 0.312 loading class java/io/FilePermissionCollection
Event: 0.312 loading class java/io/FilePermissionCollection done
Event: 0.312 loading class java/io/FilePermissionCollection$1
Event: 0.312 loading class java/io/FilePermissionCollection$1 done


Dynamic libraries:
0x00007ff77cd80000 - 0x00007ff77cd8f000 	C:\Program Files\Java\jdk-14.0.2\bin\java.exe
0x00007ffb91740000 - 0x00007ffb9192d000 	C:\Windows\SYSTEM32\ntdll.dll
0x00007ffb60060000 - 0x00007ffb60072000 	C:\Program Files\Avast Software\Avast\aswhook.dll
0x00007ffb914a0000 - 0x00007ffb91553000 	C:\Windows\System32\KERNEL32.DLL
0x00007ffb8e400000 - 0x00007ffb8e695000 	C:\Windows\System32\KERNELBASE.dll
0x00007ffb8e870000 - 0x00007ffb8e96a000 	C:\Windows\System32\ucrtbase.dll
0x00007ffb7fe20000 - 0x00007ffb7fe38000 	C:\Program Files\Java\jdk-14.0.2\bin\jli.dll
0x00007ffb8e970000 - 0x00007ffb8ea13000 	C:\Windows\System32\ADVAPI32.dll
0x00007ffb90c60000 - 0x00007ffb90cfe000 	C:\Windows\System32\msvcrt.dll
0x00007ffb91110000 - 0x00007ffb911af000 	C:\Windows\System32\sechost.dll
0x00007ffb90d60000 - 0x00007ffb90e80000 	C:\Windows\System32\RPCRT4.dll
0x00007ffb911b0000 - 0x00007ffb91347000 	C:\Windows\System32\USER32.dll
0x00007ffb8da30000 - 0x00007ffb8da50000 	C:\Windows\System32\win32u.dll
0x00007ffb90570000 - 0x00007ffb90599000 	C:\Windows\System32\GDI32.dll
0x00007ffb8e6d0000 - 0x00007ffb8e86c000 	C:\Windows\System32\gdi32full.dll
0x00007ffb8d890000 - 0x00007ffb8d930000 	C:\Windows\System32\msvcp_win.dll
0x00007ffb7fd60000 - 0x00007ffb7fd75000 	C:\Program Files\Java\jdk-14.0.2\bin\VCRUNTIME140.dll
0x00007ffb6e560000 - 0x00007ffb6e7d9000 	C:\Windows\WinSxS\amd64_microsoft.windows.common-controls_6595b64144ccf1df_6.0.17763.1697_none_de7644c45346d6cf\COMCTL32.dll
0x00007ffb901d0000 - 0x00007ffb904fe000 	C:\Windows\System32\combase.dll
0x00007ffb8e1a0000 - 0x00007ffb8e21f000 	C:\Windows\System32\bcryptPrimitives.dll
0x00007ffb862f0000 - 0x00007ffb862fa000 	C:\Windows\SYSTEM32\VERSION.dll
0x00007ffb913b0000 - 0x00007ffb913de000 	C:\Windows\System32\IMM32.DLL
0x00007ffb71130000 - 0x00007ffb711cb000 	C:\Program Files\Java\jdk-14.0.2\bin\msvcp140.dll
0x00007ffb56680000 - 0x00007ffb5719e000 	C:\Program Files\Java\jdk-14.0.2\bin\server\jvm.dll
0x00007ffb913e0000 - 0x00007ffb913e8000 	C:\Windows\System32\PSAPI.DLL
0x00007ffb7cb10000 - 0x00007ffb7cb19000 	C:\Windows\SYSTEM32\WSOCK32.dll
0x00007ffb910a0000 - 0x00007ffb9110d000 	C:\Windows\System32\WS2_32.dll
0x00007ffb8a4c0000 - 0x00007ffb8a4e4000 	C:\Windows\SYSTEM32\WINMM.dll
0x00007ffb8a490000 - 0x00007ffb8a4bd000 	C:\Windows\SYSTEM32\WINMMBASE.dll
0x00007ffb8d9e0000 - 0x00007ffb8da2a000 	C:\Windows\System32\cfgmgr32.dll
0x00007ffb8d790000 - 0x00007ffb8d7a1000 	C:\Windows\System32\kernel.appcore.dll
0x00007ffb811a0000 - 0x00007ffb811aa000 	C:\Program Files\Java\jdk-14.0.2\bin\jimage.dll
0x00007ffb85610000 - 0x00007ffb857fd000 	C:\Windows\SYSTEM32\DBGHELP.DLL
0x00007ffb82940000 - 0x00007ffb8296a000 	C:\Windows\SYSTEM32\dbgcore.DLL
0x00007ffb8a110000 - 0x00007ffb8a11e000 	C:\Program Files\Java\jdk-14.0.2\bin\instrument.dll
0x00007ffb7fcf0000 - 0x00007ffb7fd15000 	C:\Program Files\Java\jdk-14.0.2\bin\java.dll
0x00007ffb7fd40000 - 0x00007ffb7fd56000 	C:\Program Files\Java\jdk-14.0.2\bin\zip.dll
0x00007ffb8eaa0000 - 0x00007ffb8ff9a000 	C:\Windows\System32\SHELL32.dll
0x00007ffb913f0000 - 0x00007ffb91498000 	C:\Windows\System32\shcore.dll
0x00007ffb8da50000 - 0x00007ffb8e19b000 	C:\Windows\System32\windows.storage.dll
0x00007ffb8d740000 - 0x00007ffb8d764000 	C:\Windows\System32\profapi.dll
0x00007ffb8d7b0000 - 0x00007ffb8d80d000 	C:\Windows\System32\powrprof.dll
0x00007ffb90d00000 - 0x00007ffb90d52000 	C:\Windows\System32\shlwapi.dll
0x00007ffb8d810000 - 0x00007ffb8d827000 	C:\Windows\System32\cryptsp.dll
0x00007ffb7d6b0000 - 0x00007ffb7d6c9000 	C:\Program Files\Java\jdk-14.0.2\bin\net.dll
0x00007ffb82800000 - 0x00007ffb828f4000 	C:\Windows\SYSTEM32\WINHTTP.dll
0x00007ffb8cf40000 - 0x00007ffb8cfa7000 	C:\Windows\system32\mswsock.dll
0x00007ffb7d610000 - 0x00007ffb7d622000 	C:\Program Files\Java\jdk-14.0.2\bin\nio.dll
0x00007ffb7cf00000 - 0x00007ffb7cf1a000 	C:\Program Files\JetBrains\IntelliJ IDEA Community Edition 2020.2\bin\breakgen64.dll
0x00007ffb7fc90000 - 0x00007ffb7fca0000 	C:\Program Files\Java\jdk-14.0.2\bin\verify.dll

dbghelp: loaded successfully - version: 4.0.5 - missing functions: none
symbol engine: initialized successfully - sym options: 0x614 - pdb path: .;C:\Program Files\Java\jdk-14.0.2\bin;C:\Windows\SYSTEM32;C:\Program Files\Avast Software\Avast;C:\Windows\WinSxS\amd64_microsoft.windows.common-controls_6595b64144ccf1df_6.0.17763.1697_none_de7644c45346d6cf;C:\Program Files\Java\jdk-14.0.2\bin\server;C:\Program Files\JetBrains\IntelliJ IDEA Community Edition 2020.2\bin

VM Arguments:
jvm_args: -Dmaven.multiModuleProjectDirectory=E:\skillbox\java_basics\10_SQLAndHibernate\jdbc-exp -Dmaven.home=C:\Program Files\JetBrains\IntelliJ IDEA Community Edition 2020.2\plugins\maven\lib\maven3 -Dclassworlds.conf=C:\Program Files\JetBrains\IntelliJ IDEA Community Edition 2020.2\plugins\maven\lib\maven3\bin\m2.conf -Dmaven.ext.class.path=C:\Program Files\JetBrains\IntelliJ IDEA Community Edition 2020.2\plugins\maven\lib\maven-event-listener.jar -javaagent:C:\Program Files\JetBrains\IntelliJ IDEA Community Edition 2020.2\lib\idea_rt.jar=3992:C:\Program Files\JetBrains\IntelliJ IDEA Community Edition 2020.2\bin -Dfile.encoding=UTF-8 
java_command: org.codehaus.classworlds.Launcher -Didea.version=2020.2 --offline --errors site
java_class_path (initial): C:\Program Files\JetBrains\IntelliJ IDEA Community Edition 2020.2\plugins\maven\lib\maven3\boot\plexus-classworlds-2.6.0.jar;C:\Program Files\JetBrains\IntelliJ IDEA Community Edition 2020.2\plugins\maven\lib\maven3\boot\plexus-classworlds.license
Launcher Type: SUN_STANDARD

[Global flags]
     intx CICompilerCount                          = 3                                         {product} {ergonomic}
     uint ConcGCThreads                            = 1                                         {product} {ergonomic}
     uint G1ConcRefinementThreads                  = 4                                         {product} {ergonomic}
   size_t G1HeapRegionSize                         = 1048576                                   {product} {ergonomic}
    uintx GCDrainStackTargetSize                   = 64                                        {product} {ergonomic}
   size_t InitialHeapSize                          = 65011712                                  {product} {ergonomic}
   size_t MarkStackSize                            = 4194304                                   {product} {ergonomic}
   size_t MaxHeapSize                              = 1040187392                                {product} {ergonomic}
   size_t MaxNewSize                               = 623902720                                 {product} {ergonomic}
   size_t MinHeapDeltaBytes                        = 1048576                                   {product} {ergonomic}
   size_t MinHeapSize                              = 8388608                                   {product} {ergonomic}
    uintx NonNMethodCodeHeapSize                   = 5832780                                {pd product} {ergonomic}
    uintx NonProfiledCodeHeapSize                  = 122912730                              {pd product} {ergonomic}
    uintx ProfiledCodeHeapSize                     = 122912730                              {pd product} {ergonomic}
    uintx ReservedCodeCacheSize                    = 251658240                              {pd product} {ergonomic}
     bool SegmentedCodeCache                       = true                                      {product} {ergonomic}
   size_t SoftMaxHeapSize                          = 1040187392                             {manageable} {ergonomic}
     bool UseCompressedClassPointers               = true                                 {lp64_product} {ergonomic}
     bool UseCompressedOops                        = true                                 {lp64_product} {ergonomic}
     bool UseG1GC                                  = true                                      {product} {ergonomic}
     bool UseLargePagesIndividualAllocation        = false                                  {pd product} {ergonomic}

Logging:
Log output configuration:
 #0: stdout all=warning uptime,level,tags
 #1: stderr all=off uptime,level,tags

Environment Variables:
PATH=C:\Program Files\Java\jdk-14.0.2\bin;C:\Program Files (x86)\Common Files\Oracle\Java\javapath;C:\Windows\system32;C:\Windows;C:\Windows\System32\Wbem;C:\Windows\System32\WindowsPowerShell\v1.0\;C:\Windows\System32\OpenSSH\;C:\Program Files\Microsoft SQL Server\120\Tools\Binn\;C:\Program Files\Git\cmd;C:\Program Files\MySQL\MySQL Shell 8.0\bin\;C:\Users\Mariya\AppData\Local\Microsoft\WindowsApps;
USERNAME=Mariya
OS=Windows_NT
PROCESSOR_IDENTIFIER=Intel64 Family 6 Model 142 Stepping 9, GenuineIntel



---------------  S Y S T E M  ---------------

OS: Windows 10 , 64 bit Build 17763 (10.0.17763.475)
OS uptime: 7 days 12:37 hours

CPU:total 4 (initial active 4) (2 cores per cpu, 2 threads per core) family 6 model 142 stepping 9, cmov, cx8, fxsr, mmx, sse, sse2, sse3, ssse3, sse4.1, sse4.2, popcnt, avx, avx2, aes, clmul, erms, 3dnowpref, lzcnt, ht, tsc, tscinvbit, bmi1, bmi2, adx, fma

Memory: 4k page, system-wide physical 3964M (375M free)
TotalPageFile size 6012M (AvailPageFile size 36M)
current process WorkingSet (physical memory assigned to process): 38M, peak: 38M
current process commit charge ("private bytes"): 140M, peak: 140M

vm_info: Java HotSpot(TM) 64-Bit Server VM (14.0.2+12-46) for windows-amd64 JRE (14.0.2+12-46), built on Jul  9 2020 00:35:52 by "mach5one" with MS VC++ 15.9 (VS2017)

END.
