#
# There is insufficient memory for the Java Runtime Environment to continue.
# Native memory allocation (mmap) failed to map 65011712 bytes for Failed to commit area from 0x00000000c2000000 to 0x00000000c5e00000 of length 65011712.
# Possible reasons:
#   The system is out of physical RAM or swap space
#   The process is running with CompressedOops enabled, and the Java Heap may be blocking the growth of the native heap
# Possible solutions:
#   Reduce memory load on the system
#   Increase physical memory or swap space
#   Check if swap backing store is full
#   Decrease Java heap size (-Xmx/-Xms)
#   Decrease number of Java threads
#   Decrease Java thread stack sizes (-Xss)
#   Set larger code cache with -XX:ReservedCodeCacheSize=
#   JVM is running with Unscaled Compressed Oops mode in which the Java heap is
#     placed in the first 4GB address space. The Java Heap base address is the
#     maximum limit for the native heap growth. Please use -XX:HeapBaseMinAddress
#     to set the Java Heap base and to place the Java Heap above 4GB virtual address.
# This output file may be truncated or incomplete.
#
#  Out of Memory Error (./open/src/hotspot/os/windows/os_windows.cpp:3315), pid=2616, tid=8856
#
# JRE version:  (14.0.2+12) (build )
# Java VM: Java HotSpot(TM) 64-Bit Server VM (14.0.2+12-46, mixed mode, sharing, tiered, compressed oops, g1 gc, windows-amd64)
# No core dump will be written. Minidumps are not enabled by default on client versions of Windows
#

---------------  S U M M A R Y ------------

Command Line: -javaagent:C:\Program Files\JetBrains\IntelliJ IDEA Community Edition 2020.2\lib\idea_rt.jar=9113:C:\Program Files\JetBrains\IntelliJ IDEA Community Edition 2020.2\bin -Dfile.encoding=UTF-8 Main

Host: Intel(R) Core(TM) i5-7200U CPU @ 2.50GHz, 4 cores, 3G,  Windows 10 , 64 bit Build 17763 (10.0.17763.475)
Time: Fri Feb  5 03:52:45 2021 Oo?oey (ceia) elapsed time: 0 seconds (0d 0h 0m 0s)

---------------  T H R E A D  ---------------

Current thread (0x000001e7374c4800):  JavaThread "Unknown thread" [_thread_in_vm, id=8856, stack(0x00000083a9f00000,0x00000083aa000000)]

Stack: [0x00000083a9f00000,0x00000083aa000000]
Native frames: (J=compiled Java code, j=interpreted, Vv=VM code, C=native code)
V  [jvm.dll+0x5f8a9a]
V  [jvm.dll+0x74247a]
V  [jvm.dll+0x743c2f]
V  [jvm.dll+0x744273]
V  [jvm.dll+0x20d288]
V  [jvm.dll+0x5f5dea]
V  [jvm.dll+0x5eac45]
V  [jvm.dll+0x2c7e9c]
V  [jvm.dll+0x2c7cd2]
V  [jvm.dll+0x2cdbbc]
V  [jvm.dll+0x313fe8]
V  [jvm.dll+0x313710]
V  [jvm.dll+0x2a092a]
V  [jvm.dll+0x2a1a79]
V  [jvm.dll+0x71fd48]
V  [jvm.dll+0x321c14]
V  [jvm.dll+0x70112c]
V  [jvm.dll+0x392def]
V  [jvm.dll+0x394e61]
C  [jli.dll+0x524b]
C  [ucrtbase.dll+0x2268a]
C  [KERNEL32.DLL+0x17974]
C  [ntdll.dll+0x5a0b1]


---------------  P R O C E S S  ---------------

Threads class SMR info:
_java_thread_list=0x00007ffe1c7f3038, length=0, elements={
}

Java Threads: ( => current thread )

Other Threads:
  0x000001e7374f7800 GCTaskThread "GC Thread#0" [stack: 0x00000083aa000000,0x00000083aa100000] [id=5656]
  0x000001e737500800 ConcurrentGCThread "G1 Main Marker" [stack: 0x00000083aa100000,0x00000083aa200000] [id=9892]
  0x000001e737502000 ConcurrentGCThread "G1 Conc#0" [stack: 0x00000083aa200000,0x00000083aa300000] [id=3680]

[error occurred during error reporting (printing all threads), id 0xc0000005, EXCEPTION_ACCESS_VIOLATION (0xc0000005) at pc=0x00007ffe1c021257]

VM state:not at safepoint (not fully initialized)

VM Mutex/Monitor currently owned by a thread:  ([mutex/lock_event])
[0x000001e7374c0740] Heap_lock - owner thread: 0x000001e7374c4800

Heap address: 0x00000000c2000000, size: 992 MB, Compressed Oops mode: 32-bit
Narrow klass base: 0x0000000000000000, Narrow klass shift: 0

GC Heap History (0 events):
No events

Deoptimization events (0 events):
No events

Classes unloaded (0 events):
No events

Classes redefined (0 events):
No events

Internal exceptions (0 events):
No events

Events (2 events):
Event: 0.034 Loaded shared library C:\Program Files\Java\jdk-14.0.2\bin\java.dll
Event: 0.037 Loaded shared library C:\Program Files\Java\jdk-14.0.2\bin\zip.dll


Dynamic libraries:
0x00007ff602ad0000 - 0x00007ff602adf000 	C:\Program Files\Java\jdk-14.0.2\bin\java.exe
0x00007ffe69230000 - 0x00007ffe6941d000 	C:\Windows\SYSTEM32\ntdll.dll
0x00007ffe60a00000 - 0x00007ffe60a12000 	C:\Program Files\Avast Software\Avast\aswhook.dll
0x00007ffe68e40000 - 0x00007ffe68ef3000 	C:\Windows\System32\KERNEL32.DLL
0x00007ffe65d20000 - 0x00007ffe65fb5000 	C:\Windows\System32\KERNELBASE.dll
0x00007ffe65fc0000 - 0x00007ffe660ba000 	C:\Windows\System32\ucrtbase.dll
0x00007ffe59ef0000 - 0x00007ffe59f08000 	C:\Program Files\Java\jdk-14.0.2\bin\jli.dll
0x00007ffe66570000 - 0x00007ffe66613000 	C:\Windows\System32\ADVAPI32.dll
0x00007ffe687d0000 - 0x00007ffe6886e000 	C:\Windows\System32\msvcrt.dll
0x00007ffe68af0000 - 0x00007ffe68b8f000 	C:\Windows\System32\sechost.dll
0x00007ffe670c0000 - 0x00007ffe671e0000 	C:\Windows\System32\RPCRT4.dll
0x00007ffe68f00000 - 0x00007ffe69097000 	C:\Windows\System32\USER32.dll
0x00007ffe65590000 - 0x00007ffe655b0000 	C:\Windows\System32\win32u.dll
0x00007ffe66620000 - 0x00007ffe66649000 	C:\Windows\System32\GDI32.dll
0x00007ffe65350000 - 0x00007ffe654ec000 	C:\Windows\System32\gdi32full.dll
0x00007ffe654f0000 - 0x00007ffe65590000 	C:\Windows\System32\msvcp_win.dll
0x00007ffe59ed0000 - 0x00007ffe59ee5000 	C:\Program Files\Java\jdk-14.0.2\bin\VCRUNTIME140.dll
0x00007ffe42e80000 - 0x00007ffe430f9000 	C:\Windows\WinSxS\amd64_microsoft.windows.common-controls_6595b64144ccf1df_6.0.17763.1697_none_de7644c45346d6cf\COMCTL32.dll
0x00007ffe66d30000 - 0x00007ffe6705e000 	C:\Windows\System32\combase.dll
0x00007ffe662a0000 - 0x00007ffe6631f000 	C:\Windows\System32\bcryptPrimitives.dll
0x00007ffe60a40000 - 0x00007ffe60a4a000 	C:\Windows\SYSTEM32\VERSION.dll
0x00007ffe68ce0000 - 0x00007ffe68d0e000 	C:\Windows\System32\IMM32.DLL
0x00007ffe4d710000 - 0x00007ffe4d7ab000 	C:\Program Files\Java\jdk-14.0.2\bin\msvcp140.dll
0x00007ffe1bd70000 - 0x00007ffe1c88e000 	C:\Program Files\Java\jdk-14.0.2\bin\server\jvm.dll
0x00007ffe68a80000 - 0x00007ffe68a88000 	C:\Windows\System32\PSAPI.DLL
0x00007ffe544e0000 - 0x00007ffe544e9000 	C:\Windows\SYSTEM32\WSOCK32.dll
0x00007ffe68760000 - 0x00007ffe687cd000 	C:\Windows\System32\WS2_32.dll
0x00007ffe61fb0000 - 0x00007ffe61fd4000 	C:\Windows\SYSTEM32\WINMM.dll
0x00007ffe61f80000 - 0x00007ffe61fad000 	C:\Windows\SYSTEM32\WINMMBASE.dll
0x00007ffe65300000 - 0x00007ffe6534a000 	C:\Windows\System32\cfgmgr32.dll
0x00007ffe65290000 - 0x00007ffe652a1000 	C:\Windows\System32\kernel.appcore.dll
0x00007ffe59ec0000 - 0x00007ffe59eca000 	C:\Program Files\Java\jdk-14.0.2\bin\jimage.dll
0x00007ffe5f9e0000 - 0x00007ffe5fbcd000 	C:\Windows\SYSTEM32\DBGHELP.DLL
0x00007ffe5f9b0000 - 0x00007ffe5f9da000 	C:\Windows\SYSTEM32\dbgcore.DLL
0x00007ffe55100000 - 0x00007ffe5510e000 	C:\Program Files\Java\jdk-14.0.2\bin\instrument.dll
0x00007ffe556d0000 - 0x00007ffe556f5000 	C:\Program Files\Java\jdk-14.0.2\bin\java.dll
0x00007ffe556b0000 - 0x00007ffe556c6000 	C:\Program Files\Java\jdk-14.0.2\bin\zip.dll

dbghelp: loaded successfully - version: 4.0.5 - missing functions: none
symbol engine: initialized successfully - sym options: 0x614 - pdb path: .;C:\Program Files\Java\jdk-14.0.2\bin;C:\Windows\SYSTEM32;C:\Program Files\Avast Software\Avast;C:\Windows\WinSxS\amd64_microsoft.windows.common-controls_6595b64144ccf1df_6.0.17763.1697_none_de7644c45346d6cf;C:\Program Files\Java\jdk-14.0.2\bin\server

VM Arguments:
jvm_args: -javaagent:C:\Program Files\JetBrains\IntelliJ IDEA Community Edition 2020.2\lib\idea_rt.jar=9113:C:\Program Files\JetBrains\IntelliJ IDEA Community Edition 2020.2\bin -Dfile.encoding=UTF-8 
java_command: Main
java_class_path (initial): E:\skillbox\java_basics\10_SQLAndHibernate\JDBCExperiments\target\classes;C:\Users\Mariya\.m2\repository\mysql\mysql-connector-java\8.0.20\mysql-connector-java-8.0.20.jar;C:\Users\Mariya\.m2\repository\com\google\protobuf\protobuf-java\3.6.1\protobuf-java-3.6.1.jar;C:\Users\Mariya\.m2\repository\org\projectlombok\lombok\1.18.12\lombok-1.18.12.jar;C:\Users\Mariya\.m2\repository\org\hibernate\hibernate-core\5.4.15.Final\hibernate-core-5.4.15.Final.jar;C:\Users\Mariya\.m2\repository\org\jboss\logging\jboss-logging\3.3.2.Final\jboss-logging-3.3.2.Final.jar;C:\Users\Mariya\.m2\repository\javax\persistence\javax.persistence-api\2.2\javax.persistence-api-2.2.jar;C:\Users\Mariya\.m2\repository\org\javassist\javassist\3.24.0-GA\javassist-3.24.0-GA.jar;C:\Users\Mariya\.m2\repository\net\bytebuddy\byte-buddy\1.10.10\byte-buddy-1.10.10.jar;C:\Users\Mariya\.m2\repository\antlr\antlr\2.7.7\antlr-2.7.7.jar;C:\Users\Mariya\.m2\repository\org\jboss\spec\javax\transaction\jboss-transaction-api_1.2_spec\1.1.1.Final\jboss-transaction-api_1.2_spec-1.1.1.Final.jar;C:\Users\Mariya\.m2\repository\org\jboss\jandex\2.1.3.Final\jandex-2.1.3.Final.jar;C:\Users\Mariya\.m2\repository\com\fasterxml\classmate\1.5.1\classmate-1.5.1.jar;C:\Users\Mariya\.m2\repository\javax\activation\javax.activation-api\1.2.0\javax.activation-api-1.2.0.jar;C:\Users\Mariya\.m2\repository\org\dom4j\dom4j\2.1.3\dom4j-2.1.3.jar;C:\Users\Mariya\.m2\repository\org\hibernate\common\hibernate-commons-annotations\5.1.0.Final\hibernate-commons-annotations-5.1.0.Final.jar;C:\Users\Mariya\.m2\repository\javax\xml\bind\jaxb-api\2.3.1\jaxb-api-2.3.1.jar;C:\Users\Mariya\.m2\repository\org\glassfish\jaxb\jaxb-runtime\2.3.1\jaxb-runtime-2.3.1.jar;C:\Users\Mariya\.m2\repository\org\glassfish\jaxb\txw2\2.3.1\txw2-2.3.1.jar;C:\Users\Mariya\.m2\repository\com\sun\istack\istack-commons-runtime\3.0.7\istack-commons-runtime-3.0.7.jar;C:\Users\Mariya\.m2\repository\org\jvnet\staxex\stax-ex\1.8\stax-ex-1.8.jar;C
Launcher Type: SUN_STANDARD

[Global flags]
     intx CICompilerCount                          = 3                                         {product} {ergonomic}
     uint ConcGCThreads                            = 1                                         {product} {ergonomic}
     uint G1ConcRefinementThreads                  = 4                                         {product} {ergonomic}
   size_t G1HeapRegionSize                         = 1048576                                   {product} {ergonomic}
    uintx GCDrainStackTargetSize                   = 64                                        {product} {ergonomic}
   size_t InitialHeapSize                          = 65011712                                  {product} {ergonomic}
   size_t MarkStackSize                            = 4194304                                   {product} {ergonomic}
   size_t MaxHeapSize                              = 1040187392                                {product} {ergonomic}
   size_t MinHeapDeltaBytes                        = 1048576                                   {product} {ergonomic}
   size_t MinHeapSize                              = 8388608                                   {product} {ergonomic}
    uintx NonNMethodCodeHeapSize                   = 5832780                                {pd product} {ergonomic}
    uintx NonProfiledCodeHeapSize                  = 122912730                              {pd product} {ergonomic}
    uintx ProfiledCodeHeapSize                     = 122912730                              {pd product} {ergonomic}
    uintx ReservedCodeCacheSize                    = 251658240                              {pd product} {ergonomic}
     bool SegmentedCodeCache                       = true                                      {product} {ergonomic}
   size_t SoftMaxHeapSize                          = 1040187392                             {manageable} {ergonomic}
     bool UseCompressedClassPointers               = true                                 {lp64_product} {ergonomic}
     bool UseCompressedOops                        = true                                 {lp64_product} {ergonomic}
     bool UseG1GC                                  = true                                      {product} {ergonomic}
     bool UseLargePagesIndividualAllocation        = false                                  {pd product} {ergonomic}

Logging:
Log output configuration:
 #0: stdout all=warning uptime,level,tags
 #1: stderr all=off uptime,level,tags

Environment Variables:
PATH=C:\Program Files\Java\jdk-14.0.2\bin;C:\Program Files (x86)\Common Files\Oracle\Java\javapath;C:\Windows\system32;C:\Windows;C:\Windows\System32\Wbem;C:\Windows\System32\WindowsPowerShell\v1.0\;C:\Windows\System32\OpenSSH\;C:\Program Files\Microsoft SQL Server\120\Tools\Binn\;C:\Program Files\Git\cmd;C:\Program Files\MySQL\MySQL Shell 8.0\bin\;C:\Users\Mariya\AppData\Local\Microsoft\WindowsApps;C:\Program Files\mingw-w64\x86_64-8.1.0-posix-seh-rt_v6-rev0\mingw64\bin;
USERNAME=Mariya
OS=Windows_NT
PROCESSOR_IDENTIFIER=Intel64 Family 6 Model 142 Stepping 9, GenuineIntel



---------------  S Y S T E M  ---------------

OS: Windows 10 , 64 bit Build 17763 (10.0.17763.475)
OS uptime: 1 days 17:32 hours

CPU:total 4 (initial active 4) (2 cores per cpu, 2 threads per core) family 6 model 142 stepping 9, cmov, cx8, fxsr, mmx, sse, sse2, sse3, ssse3, sse4.1, sse4.2, popcnt, avx, avx2, aes, clmul, erms, 3dnowpref, lzcnt, ht, tsc, tscinvbit, bmi1, bmi2, adx, fma

Memory: 4k page, system-wide physical 3964M (577M free)
TotalPageFile size 6012M (AvailPageFile size 25M)
current process WorkingSet (physical memory assigned to process): 10M, peak: 10M
current process commit charge ("private bytes"): 51M, peak: 113M

vm_info: Java HotSpot(TM) 64-Bit Server VM (14.0.2+12-46) for windows-amd64 JRE (14.0.2+12-46), built on Jul  9 2020 00:35:52 by "mach5one" with MS VC++ 15.9 (VS2017)

END.
